# JRE version: Java(TM) SE Runtime Environment (11.0.6+8) (build 11.0.6+8-LTS)
# Java VM: Java HotSpot(TM) 64-Bit Server VM (11.0.6+8-LTS, mixed mode, tiered, compressed oops, g1 gc, windows-amd64)
Heap:
 garbage-first heap   total 227328K, used 162010K [0x0000000080200000, 0x0000000100000000)
  region size 1024K, 122 young (124928K), 11 survivors (11264K)
 Metaspace       used 81021K, capacity 83217K, committed 83376K, reserved 1122304K
  class space    used 10258K, capacity 11217K, committed 11264K, reserved 1048576K
GC Heap History (10 events):
Event: 8.868 GC heap before
{Heap before GC invocations=13 (full 0):
 garbage-first heap   total 189440K, used 129399K [0x0000000080200000, 0x0000000100000000)
  region size 1024K, 111 young (113664K), 12 survivors (12288K)
 Metaspace       used 54609K, capacity 55737K, committed 55856K, reserved 1097728K
  class space    used 6557K, capacity 7000K, committed 7040K, reserved 1048576K
}
Event: 8.888 GC heap after
{Heap after GC invocations=14 (full 0):
 garbage-first heap   total 189440K, used 30325K [0x0000000080200000, 0x0000000100000000)
  region size 1024K, 9 young (9216K), 9 survivors (9216K)
 Metaspace       used 54609K, capacity 55737K, committed 55856K, reserved 1097728K
  class space    used 6557K, capacity 7000K, committed 7040K, reserved 1048576K
}
Event: 10.102 GC heap before
{Heap before GC invocations=14 (full 0):
 garbage-first heap   total 189440K, used 79477K [0x0000000080200000, 0x0000000100000000)
  region size 1024K, 58 young (59392K), 9 survivors (9216K)
 Metaspace       used 58770K, capacity 60078K, committed 60208K, reserved 1101824K
  class space    used 7204K, capacity 7727K, committed 7808K, reserved 1048576K
}
Event: 10.119 GC heap after
{Heap after GC invocations=15 (full 0):
 garbage-first heap   total 189440K, used 32988K [0x0000000080200000, 0x0000000100000000)
  region size 1024K, 5 young (5120K), 5 survivors (5120K)
 Metaspace       used 58770K, capacity 60078K, committed 60208K, reserved 1101824K
  class space    used 7204K, capacity 7727K, committed 7808K, reserved 1048576K
}
Event: 11.824 GC heap before
{Heap before GC invocations=16 (full 0):
 garbage-first heap   total 189440K, used 141532K [0x0000000080200000, 0x0000000100000000)
  region size 1024K, 111 young (113664K), 5 survivors (5120K)
 Metaspace       used 69701K, capacity 71433K, committed 71600K, reserved 1112064K
  class space    used 8661K, capacity 9373K, committed 9472K, reserved 1048576K
}
Event: 11.850 GC heap after
{Heap after GC invocations=17 (full 0):
 garbage-first heap   total 227328K, used 38912K [0x0000000080200000, 0x0000000100000000)
  region size 1024K, 11 young (11264K), 11 survivors (11264K)
 Metaspace       used 69701K, capacity 71433K, committed 71600K, reserved 1112064K
  class space    used 8661K, capacity 9373K, committed 9472K, reserved 1048576K
}
Event: 16.607 GC heap before
{Heap before GC invocations=17 (full 0):
 garbage-first heap   total 227328K, used 156672K [0x0000000080200000, 0x0000000100000000)
  region size 1024K, 127 young (130048K), 11 survivors (11264K)
 Metaspace       used 75136K, capacity 77018K, committed 77360K, reserved 1116160K
  class space    used 9416K, capacity 10267K, committed 10368K, reserved 1048576K
}
Event: 16.622 GC heap after
{Heap after GC invocations=18 (full 0):
 garbage-first heap   total 227328K, used 44325K [0x0000000080200000, 0x0000000100000000)
  region size 1024K, 12 young (12288K), 12 survivors (12288K)
 Metaspace       used 75136K, capacity 77018K, committed 77360K, reserved 1116160K
  class space    used 9416K, capacity 10267K, committed 10368K, reserved 1048576K
}
Event: 17.889 GC heap before
{Heap before GC invocations=18 (full 0):
 garbage-first heap   total 227328K, used 168229K [0x0000000080200000, 0x0000000100000000)
  region size 1024K, 133 young (136192K), 12 survivors (12288K)
 Metaspace       used 79001K, capacity 81101K, committed 81200K, reserved 1120256K
  class space    used 9966K, capacity 10876K, committed 10880K, reserved 1048576K
}
Event: 17.907 GC heap after
{Heap after GC invocations=19 (full 0):
 garbage-first heap   total 227328K, used 49370K [0x0000000080200000, 0x0000000100000000)
  region size 1024K, 11 young (11264K), 11 survivors (11264K)
 Metaspace       used 79001K, capacity 81101K, committed 81200K, reserved 1120256K
  class space    used 9966K, capacity 10876K, committed 10880K, reserved 1048576K
}

